/econ/home/t/tmr17/EMalgorithmExample/Matlab/mlogitAndNormalCensoredAndUnemp
Wed Mar 29 09:48:26 EDT 2017

                            < M A T L A B (R) >
                  Copyright 1984-2016 The MathWorks, Inc.
                   R2016a (9.0.0.341360) 64-bit (glnxa64)
                             February 11, 2016

 
To get started, type one of these: helpwin, helpdesk, or demo.
For product information, visit www.mathworks.com.
 

	Academic License


bwAns =

    0.5000
   -0.2000
   -0.5000
   -0.4000
         0
   -0.2000
    0.1000


beAns =

   -2.1000
    0.2000
         0
    0.2000
    0.1000
   -0.1000
    0.1000
    0.2000

  Value    Count   Percent
      1    76293     15.26%
      2    132024     26.40%
      3    116367     23.27%
      4    71604     14.32%
      5    79903     15.98%
      6    23809      4.76%

ans =

    28     1

  Value    Count   Percent
      0    162681     32.54%
      1    337319     67.46%
  Value    Count   Percent
      0    162681     50.10%
      1    162003     49.90%
Time spent on simulation: 1.9373

                                Norm of      First-order 
 Iteration        f(x)          step          optimality   CG-iterations
     0        1.34927e+06                      1.23e+06                
     1        1.34927e+06        6.42161       1.23e+06           5
     2        1.23752e+06         1.6054       1.32e+06           0
     3             887328       0.401351       3.92e+05          11
     4             841007       0.401351       1.03e+05          13
     5             795303       0.802701       6.86e+04          13
     6             762692        1.40767       5.57e+04           5
     7             758363       0.984539       3.76e+03          13
     8             757440         1.1955       1.99e+03          14
     9             757048         1.1378       2.47e+03          14
    10             756953       0.276312            578          14
    11             756925       0.322567            412          14
    12             756916      0.0892459            154          14
    13             756913      0.0810937            116          14
    14             756911      0.0326366           75.6          14
    15             756910      0.0368037           78.2          14
    16             756910      0.0167453           35.7          14
    17             756910      0.0186518           39.2          14
    18             756910     0.00850533             18          14
    19             756910     0.00948673             21          14
    20             756910     0.00431889           9.17          14
    21             756910     0.00482801             11          14
    22             756910     0.00219282            4.6          14

Local minimum possible.

fminunc stopped because the final change in function value relative to 
its initial value is less than the selected value of the function tolerance.




ans =

    1.8278    1.8000
    0.0537    0.0500
    0.1857    0.2000
   -0.3080   -0.3000
   -0.3333   -0.3000
    1.5645    1.5500
    0.1056    0.1000
    0.3903    0.4000
   -0.2063   -0.2000
    0.0709    0.1000
    1.4222    1.4000
    0.2042    0.2000
   -0.7188   -0.7000
   -0.1069   -0.1000
   -0.2229   -0.2000
    1.3210    1.3000
    0.0052         0
   -0.6041   -0.6000
   -0.0090         0
    0.1662    0.2000
    1.4073    1.4000
    0.0534    0.0500
   -0.7881   -0.8000
    0.0948    0.1000
   -0.4266   -0.4000
    0.2012    0.2000
    0.4993    0.5000
    0.7977    0.8000


ans =

    1.8278    0.0248
    0.0537    0.0026
    0.1857    0.0264
   -0.3080    0.0039
   -0.3333    0.0168
    1.5645    0.0240
    0.1056    0.0024
    0.3903    0.0250
   -0.2063    0.0037
    0.0709    0.0161
    1.4222    0.0242
    0.2042    0.0025
   -0.7188    0.0254
   -0.1069    0.0038
   -0.2229    0.0162
    1.3210    0.0252
    0.0052    0.0026
   -0.6041    0.0264
   -0.0090    0.0039
    0.1662    0.0172
    1.4073    0.0248
    0.0534    0.0026
   -0.7881    0.0262
    0.0948    0.0039
   -0.4266    0.0166
    0.2012    0.0017
    0.4993    0.0017
    0.7977    0.0058


ans =

   -2.0860   -2.1000
    0.2006    0.2000
   -0.0139         0
    0.1989    0.2000
    0.1009    0.1000
   -0.0987   -0.1000
    0.0998    0.1000
    0.1918    0.2000


ans =

   -2.0860    0.0163
    0.2006    0.0014
   -0.0139    0.0130
    0.1989    0.0020
    0.1009    0.0019
   -0.0987    0.0130
    0.0998    0.0019
    0.1918    0.0082


                                Norm of      First-order 
 Iteration        f(x)          step          optimality   CG-iterations
     0        2.13939e+07                       7.3e+07                
     1        2.13939e+07             10        7.3e+07           2
     2        2.13939e+07            2.5        7.3e+07           0
     3        7.54778e+06          0.625       2.34e+07           0
     4        1.56595e+06           1.25       7.92e+06           2
     5        1.56595e+06           1.25       7.92e+06           3
     6             557037         0.3125       2.62e+06           0
     7             180540          0.625       1.29e+06           3
     8             133681          0.625       2.01e+06           4
     9            70105.1      0.0452689          7e+05           2
    10              48599      0.0454944       2.17e+05           2
    11              40744       0.102166       8.93e+04           3
    12            36564.7       0.241594       2.85e+04           4
    13            35307.9      0.0711985       2.89e+04           4
    14            34871.5      0.0745598       8.98e+03           4
    15            34708.1      0.0251122       7.26e+03           4
    16            34639.2      0.0301531        3.8e+03           4
    17            34609.7      0.0106175       2.68e+03           4
    18              34597      0.0130178       1.78e+03           4
    19            34591.6     0.00454612       1.03e+03           4
    20            34589.2      0.0056091            856           4
    21            34588.2     0.00197274            387           4
    22            34587.8      0.0023646            397           4
    23            34587.6    0.000808425            148           4
    24            34587.5     0.00100582            182           4
    25            34587.5    0.000338365           57.4           4
    26            34587.5    0.000425196           81.7           4
    27            34587.5    0.000140894           22.4           4
    28            34587.5     0.00017823             36           4
    29            34587.5    5.82487e-05           8.94           4
    30            34587.5    7.38716e-05           15.2           4
    31            34587.5    2.40449e-05           4.04           4

Local minimum possible.

fminunc stopped because the final change in function value relative to 
its initial value is less than the selected value of the function tolerance.




ans =

    0.5028    0.5000
   -0.2002   -0.2000
   -0.4946   -0.5000
   -0.4007   -0.4000
    0.0018         0
   -0.2005   -0.2000
    0.1000    0.1000
    0.2996    0.3000


ans =

    0.5028    0.0031
   -0.2002    0.0003
   -0.4946    0.0026
   -0.4007    0.0004
    0.0018    0.0026
   -0.2005    0.0004
    0.1000    0.0017
    0.2996    0.0005

