/econ/home/t/tmr17/EMalgorithmExample/mlogitOnly
Mon Feb 27 14:10:04 EST 2017

                            < M A T L A B (R) >
                  Copyright 1984-2014 The MathWorks, Inc.
                   R2014b (8.4.0.150421) 64-bit (glnxa64)
                             September 15, 2014

 
For online documentation, see http://www.mathworks.com/support
For product information, visit www.mathworks.com.
 
  Value    Count   Percent
      1    56483     11.30%
      2    34411      6.88%
      3    69414     13.88%
      4    162932     32.59%
      5    176760     35.35%

ans =

    23     1

Time spent on simulation: 1.4392
Initial likelihood value = -641492.2192

                                Norm of      First-order 
 Iteration        f(x)          step          optimality   CG-iterations
     0             642534                      7.64e+03                
     1             640418       0.716888       2.98e+03          11
     2             640346       0.212797            552          11
     3             640337       0.057688            187          11
     4             640335      0.0267007            104          11
     5             640335     0.00910233           19.6          11
     6             640335     0.00463482           20.7          11
     7             640335     0.00149374           4.69          11

Local minimum possible.

fminunc stopped because the final change in function value relative to 
its initial value is less than the selected value of the function tolerance.



Likelihood value = -641456.2103
Pr(type==1) is 0.68087
Iteration is 2
EM criterion is 0.010999

                                Norm of      First-order 
 Iteration        f(x)          step          optimality   CG-iterations
     0             640526                      1.52e+03                
     1             640453       0.136951            353          11
     2             640451      0.0407477            290          11
     3             640451     0.00932405           22.4          11
     4             640451     0.00524461           25.3          11
     5             640451     0.00170522           4.85          11
     6             640451    0.000982951           4.52          11

Local minimum possible.

fminunc stopped because the final change in function value relative to 
its initial value is less than the selected value of the function tolerance.



Likelihood value = -640487.7929
Pr(type==1) is 0.68049
Iteration is 3
EM criterion is 0.34256

                                Norm of      First-order 
 Iteration        f(x)          step          optimality   CG-iterations
     0             640459                           317                
     1             640456      0.0291128           85.2          11
     2             640456     0.00863801           30.1          11
     3             640456     0.00193988           3.49          11
     4             640456     0.00122399           3.59          11

Local minimum possible.

fminunc stopped because the final change in function value relative to 
its initial value is less than the selected value of the function tolerance.



Likelihood value = -640457.8064
Pr(type==1) is 0.68047
Iteration is 4
EM criterion is 0.065425

                                Norm of      First-order 
 Iteration        f(x)          step          optimality   CG-iterations
     0             640456                          68.1                
     1             640456     0.00634149           16.4          11
     2             640456     0.00221073           4.01          11

Local minimum possible.

fminunc stopped because the final change in function value relative to 
its initial value is less than the selected value of the function tolerance.



Likelihood value = -640456.1841
Pr(type==1) is 0.68047
Iteration is 5
EM criterion is 0.013522

                                Norm of      First-order 
 Iteration        f(x)          step          optimality   CG-iterations
     0             640456                          16.2                
     1             640456      0.0014829           2.99          11
     2             640456    0.000542965           2.03          11

Local minimum possible.

fminunc stopped because the final change in function value relative to 
its initial value is less than the selected value of the function tolerance.



Likelihood value = -640456.0479
Pr(type==1) is 0.68047
Iteration is 6
EM criterion is 0.0028652

                                Norm of      First-order 
 Iteration        f(x)          step          optimality   CG-iterations
     0             640456                          3.86                
     1             640456     0.00036911           1.69          11

Local minimum possible.

fminunc stopped because the final change in function value relative to 
its initial value is less than the selected value of the function tolerance.



Likelihood value = -640456.0306
Pr(type==1) is 0.68047
Iteration is 7
EM criterion is 0.00067993

                                Norm of      First-order 
 Iteration        f(x)          step          optimality   CG-iterations
     0             640456                          1.69                
     1             640456    0.000209985          0.777          11

Local minimum possible.

fminunc stopped because the final change in function value relative to 
its initial value is less than the selected value of the function tolerance.



Likelihood value = -640456.0282
Pr(type==1) is 0.68047
Iteration is 8
EM criterion is 0.00016421

                                Norm of      First-order 
 Iteration        f(x)          step          optimality   CG-iterations
     0             640456                         0.777                
     1             640456    9.60846e-05          0.337          11

Local minimum possible.

fminunc stopped because the final change in function value relative to 
its initial value is less than the selected value of the function tolerance.



Likelihood value = -640456.0283
Pr(type==1) is 0.68047
Iteration is 9
EM criterion is 5.1191e-05

                                Norm of      First-order 
 Iteration        f(x)          step          optimality   CG-iterations
     0             640456                         0.337                
     1             640456    2.48092e-05          0.102          11

Local minimum possible.

fminunc stopped because the final change in function value relative to 
its initial value is less than the selected value of the function tolerance.



Likelihood value = -640456.0292
Pr(type==1) is 0.68047
Iteration is 10
EM criterion is 8.687e-06

                                Norm of      First-order 
 Iteration        f(x)          step          optimality   CG-iterations
     0             640456                         0.102                
     1             640456    1.39493e-05          0.067          11

Local minimum possible.

fminunc stopped because the final change in function value relative to 
its initial value is less than the selected value of the function tolerance.




ans =

   -0.8451   -0.9000
   -0.0001         0
    1.0186    1.0000
   -0.4012   -0.4000
    0.0000    0.1000
   -1.8998   -2.2500
    0.0525    0.0500
    1.1960    1.2000
   -0.3043   -0.3000
    0.0000    0.5000
   -1.3434   -1.5000
    0.1493    0.1500
    0.0782    0.1000
   -0.2037   -0.2000
    0.0000    0.2000
    0.3278   -0.1000
   -0.0501   -0.0500
    0.1939    0.2000
   -0.1001   -0.1000
    0.0000    0.6000
    0.2002    0.2000
    0.4994    0.5000
    0.7941    0.8000


ans =

   -0.8451    0.0164
   -0.0001    0.0017
    1.0186    0.0179
   -0.4012    0.0027
    0.0000    0.0110
   -1.8998    0.0204
    0.0525    0.0021
    1.1960    0.0215
   -0.3043    0.0032
    0.0000    0.0131
   -1.3434    0.0158
    0.1493    0.0016
    0.0782    0.0164
   -0.2037    0.0024
    0.0000    0.0101
    0.3278    0.0118
   -0.0501    0.0012
    0.1939    0.0126
   -0.1001    0.0019
    0.0000    0.0078
    0.2002    0.0018
    0.4994    0.0018
    0.7941    0.0061


ans =

   -0.9000   -2.2500   -1.5000   -0.1000
         0    0.0500    0.1500   -0.0500
    1.0000    1.2000    0.1000    0.2000
   -0.4000   -0.3000   -0.2000   -0.1000
    0.1000    0.5000    0.2000    0.6000


comp2 =

   -0.8451   -1.8998   -1.3434    0.3278
   -0.0001    0.0525    0.1493   -0.0501
    1.0186    1.1960    0.0782    0.1939
   -0.4012   -0.3043   -0.2037   -0.1001
    0.0000    0.0000    0.0000    0.0000


ans =

    0.6805    0.6991

