/econ/home/t/tmr17/EMalgorithmExample/mlogitOnly
Mon Feb 27 11:28:09 EST 2017

                            < M A T L A B (R) >
                  Copyright 1984-2014 The MathWorks, Inc.
                   R2014b (8.4.0.150421) 64-bit (glnxa64)
                             September 15, 2014

 
For online documentation, see http://www.mathworks.com/support
For product information, visit www.mathworks.com.
 
  Value    Count   Percent
      1    56483     11.30%
      2    34411      6.88%
      3    69414     13.88%
      4    162932     32.59%
      5    176760     35.35%

ans =

    23     1

Time spent on simulation: 0.805

                                Norm of      First-order 
 Iteration        f(x)          step          optimality   CG-iterations
     0        2.39163e+06                      1.71e+06                
     1        2.39163e+06             10       1.71e+06          11
     2        2.39163e+06            2.5       1.71e+06           0
     3        1.42435e+06          0.625       5.61e+05           0
     4             841174           1.25       4.44e+05          11
     5             725167        1.42115       3.77e+05           3
     6             650621        2.02462       1.51e+05           9
     7             638719        1.21151       5.39e+03           9
     8             637371          1.261       2.73e+03          11
     9             637289        0.11674            428           9
    10             637280      0.0778339            219          11
    11             637280      0.0210499           39.6          11
    12             637280     0.00749878           38.3          11
    13             637280     0.00204211            4.4           9
    14             637280     0.00152233           4.32          11

Local minimum possible.

fminunc stopped because the final change in function value relative to 
its initial value is less than the selected value of the function tolerance.




ans =

   -0.9133   -0.9000
   -0.0002         0
    1.0205    1.0000
   -0.4019   -0.4000
    0.1030    0.1000
   -2.2291   -2.2500
    0.0521    0.0500
    1.1993    1.2000
   -0.3051   -0.3000
    0.4750    0.5000
   -1.4634   -1.5000
    0.1492    0.1500
    0.0794    0.1000
   -0.2042   -0.2000
    0.1797    0.2000
   -0.0936   -0.1000
   -0.0509   -0.0500
    0.1963    0.2000
   -0.1010   -0.1000
    0.6033    0.6000
    0.2014    0.2000
    0.5021    0.5000
    0.7987    0.8000


ans =

   -0.9133    0.0163
   -0.0002    0.0017
    1.0205    0.0179
   -0.4019    0.0027
    0.1030    0.0109
   -2.2291    0.0209
    0.0521    0.0021
    1.1993    0.0215
   -0.3051    0.0032
    0.4750    0.0137
   -1.4634    0.0158
    0.1492    0.0016
    0.0794    0.0164
   -0.2042    0.0024
    0.1797    0.0101
   -0.0936    0.0120
   -0.0509    0.0012
    0.1963    0.0127
   -0.1010    0.0019
    0.6033    0.0081
    0.2014    0.0018
    0.5021    0.0018
    0.7987    0.0061

