/econ/home/t/tmr17/EMalgorithmExample/mlogitAndNormal
Mon Feb 27 10:30:44 EST 2017

                            < M A T L A B (R) >
                  Copyright 1984-2014 The MathWorks, Inc.
                   R2014b (8.4.0.150421) 64-bit (glnxa64)
                             September 15, 2014

 
For online documentation, see http://www.mathworks.com/support
For product information, visit www.mathworks.com.
 
  Value    Count   Percent
      1    56483     11.30%
      2    34411      6.88%
      3    69414     13.88%
      4    162932     32.59%
      5    176760     35.35%

ans =

    23     1

Time spent on simulation: 0.8087

                                Norm of      First-order 
 Iteration        f(x)          step          optimality   CG-iterations
     0        2.18723e+06                      1.67e+06                
     1        2.18723e+06             10       1.67e+06          11
     2             843087            2.5       3.84e+05           0
     3             843087        2.38847       3.84e+05           5
     4             699419       0.597118       1.23e+05           0
     5             644359        1.09655       5.23e+04           5
     6             638339        1.61132       7.68e+03          11
     7             637472       0.858096       3.17e+03          11
     8             637318       0.218268            651          11
     9             637288       0.149581            592          11
    10             637281      0.0458913            143          11
    11             637280      0.0319855            133          11
    12             637280      0.0095418           28.2          11
    13             637280     0.00676157           28.5          11
    14             637280     0.00195982           6.37          11
    15             637280     0.00139823           5.88          11

Local minimum possible.

fminunc stopped because the final change in function value relative to 
its initial value is less than the selected value of the function tolerance.




ans =

   -0.9131   -0.9000
   -0.0003         0
    1.0203    1.0000
   -0.4019   -0.4000
    0.1031    0.1000
   -2.2288   -2.2500
    0.0520    0.0500
    1.1991    1.2000
   -0.3051   -0.3000
    0.4752    0.5000
   -1.4631   -1.5000
    0.1491    0.1500
    0.0794    0.1000
   -0.2042   -0.2000
    0.1798    0.2000
   -0.0935   -0.1000
   -0.0509   -0.0500
    0.1962    0.2000
   -0.1010   -0.1000
    0.6034    0.6000
    0.2014    0.2000
    0.5021    0.5000
    0.7988    0.8000


ans =

   -0.9131    0.0163
   -0.0003    0.0017
    1.0203    0.0179
   -0.4019    0.0027
    0.1031    0.0109
   -2.2288    0.0209
    0.0520    0.0021
    1.1991    0.0215
   -0.3051    0.0032
    0.4752    0.0137
   -1.4631    0.0158
    0.1491    0.0016
    0.0794    0.0164
   -0.2042    0.0024
    0.1798    0.0101
   -0.0935    0.0120
   -0.0509    0.0012
    0.1962    0.0127
   -0.1010    0.0019
    0.6034    0.0081
    0.2014    0.0018
    0.5021    0.0018
    0.7988    0.0061


                                Norm of      First-order 
 Iteration        f(x)          step          optimality   CG-iterations
     0        1.29604e+07                      2.82e+07                
     1        1.29604e+07             10       2.82e+07           2
     2        1.29604e+07            2.5       2.82e+07           0
     3         3.9358e+06          0.625        1.1e+07           0
     4         3.9358e+06           1.25        1.1e+07           2
     5        1.56107e+06         0.3125       5.81e+06           0
     6             616773          0.625       5.47e+06           2
     7             616773          0.625       5.47e+06           2
     8             305937        0.15625       8.86e+05           0
     9             199656         0.3125       1.06e+06           3
    10             199656       0.656311       1.06e+06           3
    11             158140        0.15625       2.96e+05           0
    12             116031         0.3125       2.83e+05           3
    13             109537      0.0595623       1.75e+05           3
    14             108566      0.0456308       7.21e+04           3
    15             108344     0.00787865       5.91e+04           3
    16             108197      0.0153197       4.29e+04           3
    17             108123      0.0042346       2.76e+04           3
    18             108073     0.00983497       2.61e+04           3
    19             108048     0.00217156       1.25e+04           3
    20             108033     0.00575452       1.44e+04           3
    21             108025     0.00113918       5.46e+03           3
    22             108021     0.00326706       7.44e+03           3
    23             108019    0.000542176        2.3e+03           3
    24             108018     0.00156281       3.44e+03           3
    25             108018    0.000268891            962           3
    26             108018    0.000737258       1.53e+03           3
    27             108017    0.000125029            448           3
    28             108017    0.000276399            637           3
    29             108017    7.43113e-05            201           3
    30             108017    0.000139471            315           3
    31             108017    3.36481e-05           86.6           3
    32             108017     6.3499e-05            144           3
    33             108017    1.65272e-05           42.1           3

Local minimum possible.

fminunc stopped because the final change in function value relative to 
its initial value is less than the selected value of the function tolerance.




ans =

   -0.1510   -0.1500
    0.1001    0.1000
    0.5010    0.5000
    0.1000    0.1000
   -0.1495   -0.1500
    0.3003    0.3000


ans =

   -0.1510    0.0014
    0.1001    0.0001
    0.5010    0.0015
    0.1000    0.0002
   -0.1495    0.0009
    0.3003    0.0003

