/econ/home/t/tmr17/EMalgorithmExample/mlogitAndNormal
Mon Feb 27 11:03:25 EST 2017

                            < M A T L A B (R) >
                  Copyright 1984-2014 The MathWorks, Inc.
                   R2014b (8.4.0.150421) 64-bit (glnxa64)
                             September 15, 2014

 
For online documentation, see http://www.mathworks.com/support
For product information, visit www.mathworks.com.
 
  Value    Count   Percent
      1    56483     11.30%
      2    34411      6.88%
      3    69414     13.88%
      4    162932     32.59%
      5    176760     35.35%

ans =

    23     1

Time spent on simulation: 0.78317
Initial likelihood value = -766906.3511

                                Norm of      First-order 
 Iteration        f(x)          step          optimality   CG-iterations
     0             643309                      3.96e+04                
     1             640392       0.755513       4.42e+03          11
     2             640315       0.223506            566          11
     3             640309       0.025271            237           5
     4             640306      0.0538394            111          11
     5             640306     0.00782667           14.9          11
     6             640306     0.00448845           17.9          11
     7             640306    0.000670355           2.36          11

Local minimum possible.

fminunc stopped because the final change in function value relative to 
its initial value is less than the selected value of the function tolerance.




                                Norm of      First-order 
 Iteration        f(x)          step          optimality   CG-iterations
     0             132250                      7.37e+05                
     1             121989       0.108668       7.01e+04           3
     2             120692      0.0376396       1.87e+04           3
     3             120408      0.0233112       1.71e+04           3
     4             120263       0.014956        1.1e+04           3
     5             120182      0.0122278       9.23e+03           3
     6             120142     0.00749589       2.65e+04           3
     7             120120     0.00568579       1.17e+04           3
     8             120109     0.00359514       1.66e+04           3
     9             120102     0.00261664       8.54e+03           3
    10             120097     0.00274861       5.34e+03           3
    11             120095     0.00173395       3.43e+03           3
    12             120094    0.000809766       1.49e+03           3
    13             120094    0.000909043       1.82e+03           3
    14             120093    0.000313474            857           3
    15             120093     0.00035523       1.12e+03           3
    16             120093    0.000142653            372           3
    17             120093    0.000171394            530           3
    18             120093    7.41042e-05            171           3
    19             120093    7.86276e-05            218           3
    20             120093    2.57458e-05           59.6           3
    21             120093    3.45551e-05           95.4           3

Local minimum possible.

fminunc stopped because the final change in function value relative to 
its initial value is less than the selected value of the function tolerance.



Likelihood value = -766881.322
Pr(type==1) is 0.51947
Iteration is 2
EM criterion is 0.011053

                                Norm of      First-order 
 Iteration        f(x)          step          optimality   CG-iterations
     0             640530                      1.77e+03                
     1             640448       0.122622            344          10
     2             640447      0.0317838           41.9          11
     3             640446     0.00942316           10.1          11
     4             640446     0.00243288           2.16          11
     5             640446    0.000842495           1.33          11

Local minimum possible.

fminunc stopped because the final change in function value relative to 
its initial value is less than the selected value of the function tolerance.




                                Norm of      First-order 
 Iteration        f(x)          step          optimality   CG-iterations
     0             121026                      3.03e+04                
     1             120717      0.0205236       7.62e+03           3
     2             120687     0.00682426       2.32e+03           3
     3             120682     0.00315325       2.15e+03           3
     4             120679     0.00194756       4.43e+03           3
     5             120678     0.00120565       3.32e+03           3
     6             120677    0.000580049       4.23e+03           3
     7             120677    0.000466651       2.26e+03           3
     8             120677    0.000405546        2.9e+03           3
     9             120677    0.000313949       1.54e+03           3
    10             120677    0.000287849       1.96e+03           3
    11             120676    0.000212872       1.05e+03           3
    12             120676    0.000209899       1.28e+03           3
    13             120676    0.000144551            710           3
    14             120676    0.000171678            761           3
    15             120676    9.73211e-05            458           3
    16             120676    0.000296898            345           3
    17             120676    3.30027e-05             85           1
    18             120676     8.4492e-05             97           3
    19             120676    1.32294e-05           38.2           3

Local minimum possible.

fminunc stopped because the final change in function value relative to 
its initial value is less than the selected value of the function tolerance.



Likelihood value = -761199.4279
Pr(type==1) is 0.51914
Iteration is 3
EM criterion is 0.32542

                                Norm of      First-order 
 Iteration        f(x)          step          optimality   CG-iterations
     0             640461                           446                
     1             640456      0.0306352           74.3          10
     2             640455     0.00797674           13.7          11
     3             640455     0.00228821           4.36          11
     4             640455    0.000658801           1.11          11

Local minimum possible.

fminunc stopped because the final change in function value relative to 
its initial value is less than the selected value of the function tolerance.




                                Norm of      First-order 
 Iteration        f(x)          step          optimality   CG-iterations
     0             120735                      7.58e+03                
     1             120716     0.00517364       1.79e+03           3
     2             120714     0.00178284            451           3
     3             120713    0.000745796       1.32e+03           3
     4             120713    0.000337005            978           3
     5             120713    0.000205421       1.44e+03           3
     6             120713    0.000145016            653           3
     7             120713    0.000128469            988           3
     8             120713    9.55064e-05            435           3
     9             120713     9.0445e-05            660           3
    10             120713    6.32129e-05            291           3
    11             120713    6.61504e-05            416           3
    12             120713    4.24391e-05            193           3
    13             120713     6.2517e-05            201           3
    14             120713    2.85467e-05            119           3
    15             120713    8.92241e-05           82.3           3
    16             120713    7.85554e-06           16.1           1

Local minimum possible.

fminunc stopped because the final change in function value relative to 
its initial value is less than the selected value of the function tolerance.



Likelihood value = -761173.2869
Pr(type==1) is 0.5191
Iteration is 4
EM criterion is 0.17619

                                Norm of      First-order 
 Iteration        f(x)          step          optimality   CG-iterations
     0             640456                           115                
     1             640456     0.00775296           19.5          10
     2             640456     0.00207162           2.78          11
     3             640456    0.000534987          0.811           9

Local minimum possible.

fminunc stopped because the final change in function value relative to 
its initial value is less than the selected value of the function tolerance.




                                Norm of      First-order 
 Iteration        f(x)          step          optimality   CG-iterations
     0             120717                      1.93e+03                
     1             120716     0.00138098            783           3
     2             120716    0.000316432            137           3
     3             120715    0.000180118            144           3
     4             120715    0.000105618            209           3
     5             120715    6.37485e-05            176           3
     6             120715    3.74172e-05            162           3
     7             120715    3.60231e-05            114           3
     8             120715    2.22075e-05           96.4           3

Local minimum possible.

fminunc stopped because the final change in function value relative to 
its initial value is less than the selected value of the function tolerance.



Likelihood value = -761171.8095
Pr(type==1) is 0.51909
Iteration is 5
EM criterion is 0.050512

                                Norm of      First-order 
 Iteration        f(x)          step          optimality   CG-iterations
     0             640456                          29.2                
     1             640456     0.00204129           6.32          10
     2             640456    0.000668965           1.11          11

Local minimum possible.

fminunc stopped because the final change in function value relative to 
its initial value is less than the selected value of the function tolerance.




                                Norm of      First-order 
 Iteration        f(x)          step          optimality   CG-iterations
     0             120716                           493                
     1             120716    0.000373868            248           3
     2             120716    3.64918e-05            232           3
     3             120716    4.85056e-05            127           3
     4             120716    2.42665e-05            153           3
     5             120716    5.47632e-05           88.3           3

Local minimum possible.

fminunc stopped because the final change in function value relative to 
its initial value is less than the selected value of the function tolerance.



Likelihood value = -761171.6882
Pr(type==1) is 0.51909
Iteration is 6
EM criterion is 0.012984

                                Norm of      First-order 
 Iteration        f(x)          step          optimality   CG-iterations
     0             640456                          8.06                
     1             640456    0.000497778           1.06          10

Local minimum possible.

fminunc stopped because the final change in function value relative to 
its initial value is less than the selected value of the function tolerance.




                                Norm of      First-order 
 Iteration        f(x)          step          optimality   CG-iterations
     0             120716                           124                
     1             120716    9.04296e-05           50.8           3
     2             120716    3.14745e-05           86.5           3

Local minimum possible.

fminunc stopped because the final change in function value relative to 
its initial value is less than the selected value of the function tolerance.



Likelihood value = -761171.6718
Pr(type==1) is 0.51909
Iteration is 7
EM criterion is 0.0033639

                                Norm of      First-order 
 Iteration        f(x)          step          optimality   CG-iterations
     0             640456                          1.85                
     1             640456    0.000235104          0.693          11

Local minimum possible.

fminunc stopped because the final change in function value relative to 
its initial value is less than the selected value of the function tolerance.




                                Norm of      First-order 
 Iteration        f(x)          step          optimality   CG-iterations
     0             120716                          86.5                
     1             120716    2.99954e-05           83.9           3

Local minimum possible.

fminunc stopped because the final change in function value relative to 
its initial value is less than the selected value of the function tolerance.



Likelihood value = -761171.6686
Pr(type==1) is 0.51909
Iteration is 8
EM criterion is 0.00079622

                                Norm of      First-order 
 Iteration        f(x)          step          optimality   CG-iterations
     0             640456                         0.693                
     1             640456    0.000114085          0.202          11

Local minimum possible.

fminunc stopped because the final change in function value relative to 
its initial value is less than the selected value of the function tolerance.




                                Norm of      First-order 
 Iteration        f(x)          step          optimality   CG-iterations
     0             120716                          83.9                
     1             120716    1.56132e-05           64.8           3

Local minimum possible.

fminunc stopped because the final change in function value relative to 
its initial value is less than the selected value of the function tolerance.



Likelihood value = -761171.6679
Pr(type==1) is 0.51909
Iteration is 9
EM criterion is 0.0002469

                                Norm of      First-order 
 Iteration        f(x)          step          optimality   CG-iterations
     0             640456                         0.202                
     1             640456    2.22949e-05         0.0461          11

Local minimum possible.

fminunc stopped because the final change in function value relative to 
its initial value is less than the selected value of the function tolerance.




                                Norm of      First-order 
 Iteration        f(x)          step          optimality   CG-iterations
     0             120716                          64.8                
     1             120716    9.33216e-06           58.3           3

Local minimum possible.

fminunc stopped because the final change in function value relative to 
its initial value is less than the selected value of the function tolerance.



Likelihood value = -761171.6675
Pr(type==1) is 0.51909
Iteration is 10
EM criterion is 7.6425e-05

                                Norm of      First-order 
 Iteration        f(x)          step          optimality   CG-iterations
     0             640456                        0.0461                
     1             640456    1.43446e-05         0.0258          11

Local minimum possible.

fminunc stopped because the final change in function value relative to 
its initial value is less than the selected value of the function tolerance.




                                Norm of      First-order 
 Iteration        f(x)          step          optimality   CG-iterations
     0             120716                          58.3                
     1             120716     9.4663e-06           43.5           3

Local minimum possible.

fminunc stopped because the final change in function value relative to 
its initial value is less than the selected value of the function tolerance.



Likelihood value = -761171.6673
Pr(type==1) is 0.51909
Iteration is 11
EM criterion is 2.7488e-05

                                Norm of      First-order 
 Iteration        f(x)          step          optimality   CG-iterations
     0             640456                        0.0258                
     1             640456    3.40156e-06        0.00327          11

Local minimum possible.

fminunc stopped because the final change in function value relative to 
its initial value is less than the selected value of the function tolerance.




                                Norm of      First-order 
 Iteration        f(x)          step          optimality   CG-iterations
     0             120716                          43.5                
     1             120716    6.48337e-06           40.6           3

Local minimum possible.

fminunc stopped because the final change in function value relative to 
its initial value is less than the selected value of the function tolerance.



Likelihood value = -761171.6671
Pr(type==1) is 0.51909
Iteration is 12
EM criterion is 2.2443e-05

                                Norm of      First-order 
 Iteration        f(x)          step          optimality   CG-iterations
     0             640456                        0.0105                
     1             640456    2.02618e-06        0.00406          11

Local minimum possible.

fminunc stopped because the final change in function value relative to 
its initial value is less than the selected value of the function tolerance.




                                Norm of      First-order 
 Iteration        f(x)          step          optimality   CG-iterations
     0             120716                          40.6                
     1             120716    6.66279e-06           29.6           3

Local minimum possible.

fminunc stopped because the final change in function value relative to 
its initial value is less than the selected value of the function tolerance.



Likelihood value = -761171.667
Pr(type==1) is 0.51909
Iteration is 13
EM criterion is 1.2883e-05

                                Norm of      First-order 
 Iteration        f(x)          step          optimality   CG-iterations
     0             640456                         0.007                
     1             640456    6.17505e-07       0.000877          11

Local minimum possible.

fminunc stopped because the final change in function value relative to 
its initial value is less than the selected value of the function tolerance.




                                Norm of      First-order 
 Iteration        f(x)          step          optimality   CG-iterations
     0             120716                          29.6                
     1             120716    4.51278e-06           28.3           3

Local minimum possible.

fminunc stopped because the final change in function value relative to 
its initial value is less than the selected value of the function tolerance.



Likelihood value = -761171.667
Pr(type==1) is 0.51909
Iteration is 14
EM criterion is 1.2474e-05

                                Norm of      First-order 
 Iteration        f(x)          step          optimality   CG-iterations
     0             640456                       0.00464                
     1             640456    3.90083e-07       0.000959          11

Local minimum possible.

fminunc stopped because the final change in function value relative to 
its initial value is less than the selected value of the function tolerance.




                                Norm of      First-order 
 Iteration        f(x)          step          optimality   CG-iterations
     0             120716                          28.3                
     1             120716    4.69968e-06             20           3

Local minimum possible.

fminunc stopped because the final change in function value relative to 
its initial value is less than the selected value of the function tolerance.



Likelihood value = -761171.6669
Pr(type==1) is 0.51909
Iteration is 15
EM criterion is 7.6252e-06

                                Norm of      First-order 
 Iteration        f(x)          step          optimality   CG-iterations
     0             640456                      0.000959                
     1             640456    1.60621e-07       0.000959          11
     2             640456    4.01554e-08       0.000959           0
     3             640456    1.00388e-08       0.000959           0
     4             640456    2.71652e-09       0.000959           0

Local minimum possible.

fminunc stopped because the size of the current step is less than
the selected value of the step size tolerance.




ans =

   -0.8451   -0.9000
   -0.0001         0
    1.0186    1.0000
   -0.4012   -0.4000
   -0.0000    0.1000
   -1.8998   -2.2500
    0.0525    0.0500
    1.1960    1.2000
   -0.3043   -0.3000
    0.0000    0.5000
   -1.3434   -1.5000
    0.1493    0.1500
    0.0782    0.1000
   -0.2037   -0.2000
    0.0000    0.2000
    0.3278   -0.1000
   -0.0501   -0.0500
    0.1939    0.2000
   -0.1001   -0.1000
    0.0000    0.6000
    0.2002    0.2000
    0.4994    0.5000
    0.7941    0.8000


ans =

   -0.8451    0.0156
   -0.0001    0.0017
    1.0186    0.0179
   -0.4012    0.0027
   -0.0000    0.0102
   -1.8998    0.0194
    0.0525    0.0021
    1.1960    0.0215
   -0.3043    0.0032
    0.0000    0.0122
   -1.3434    0.0151
    0.1493    0.0016
    0.0782    0.0164
   -0.2037    0.0024
    0.0000    0.0094
    0.3278    0.0112
   -0.0501    0.0012
    0.1939    0.0126
   -0.1001    0.0019
    0.0000    0.0073
    0.2002    0.0018
    0.4994    0.0018
    0.7941    0.0061


                                Norm of      First-order 
 Iteration        f(x)          step          optimality   CG-iterations
     0             120716                            20                
     1             120716    3.06635e-06           19.4           3

Local minimum possible.

fminunc stopped because the final change in function value relative to 
its initial value is less than the selected value of the function tolerance.




ans =

   -0.2554   -0.1500
    0.1000    0.1000
    0.5011    0.5000
    0.1000    0.1000
   -0.0000   -0.1500
    0.3080    0.3000


ans =

   -0.2554    0.0013
    0.1000    0.0001
    0.5011    0.0015
    0.1000    0.0002
   -0.0000    0.0009
    0.3080    0.0003


ans =

    0.5191    0.3000    0.6991

