/econ/home/t/tmr17/EMalgorithmExample/mlogitAndNormalCensored
Mon Feb 27 12:48:47 EST 2017

                            < M A T L A B (R) >
                  Copyright 1984-2014 The MathWorks, Inc.
                   R2014b (8.4.0.150421) 64-bit (glnxa64)
                             September 15, 2014

 
For online documentation, see http://www.mathworks.com/support
For product information, visit www.mathworks.com.
 
  Value    Count   Percent
      1    56483     11.30%
      2    34411      6.88%
      3    69414     13.88%
      4    162932     32.59%
      5    176760     35.35%

ans =

    23     1

Time spent on simulation: 1.2639
Initial likelihood value = -707148.645

                                Norm of      First-order 
 Iteration        f(x)          step          optimality   CG-iterations
     0             643334                      4.11e+04                
     1             640387       0.749771       4.54e+03          11
     2             640311       0.219398            554          11
     3             640303      0.0516603            216          11
     4             640302      0.0218809           69.1          11
     5             640302     0.00507452           17.8           9
     6             640302      0.0046635           6.95          11
     7             640302    0.000115916          0.451           7

Local minimum possible.

fminunc stopped because the final change in function value relative to 
its initial value is less than the selected value of the function tolerance.




                                Norm of      First-order 
 Iteration        f(x)          step          optimality   CG-iterations
     0            70505.3                      4.85e+05                
     1            64542.3       0.112304       4.14e+04           3
     2            63767.2      0.0381926       1.08e+04           3
     3            63581.4      0.0261357       1.13e+04           3
     4            63493.5      0.0147886       1.36e+04           3
     5            63451.1     0.00925728       2.45e+04           3
     6            63429.2     0.00461988       1.07e+04           3
     7            63414.6     0.00423167       1.71e+04           3
     8            63404.8     0.00309445       7.24e+03           3
     9            63398.1     0.00290073       1.16e+04           3
    10            63393.6     0.00207367       4.93e+03           3
    11            63390.5     0.00199165       7.83e+03           3
    12            63388.4     0.00139349       3.36e+03           3
    13              63387     0.00137357       5.22e+03           3
    14              63386    0.000940117        2.3e+03           3
    15            63385.3    0.000959229       3.43e+03           3
    16            63384.9    0.000636951       1.57e+03           3
    17            63384.6    0.000699485       2.15e+03           3
    18            63384.4     0.00043264       1.06e+03           3
    19            63384.2    0.000653449       1.08e+03           3
    20            63384.1     0.00028574            641           3
    21              63384     0.00102491            409           3
    22            63383.9    7.27095e-05           72.4           1
    23            63383.9    8.69589e-05           58.6           3
    24            63383.9     3.7661e-05           35.8           3
    25            63383.9    1.80728e-05           38.1           3

Local minimum possible.

fminunc stopped because the final change in function value relative to 
its initial value is less than the selected value of the function tolerance.



Likelihood value = -707137.3415
Pr(type==1) is 0.51234
Iteration is 2
EM criterion is 0.0067726

                                Norm of      First-order 
 Iteration        f(x)          step          optimality   CG-iterations
     0             640542                      1.84e+03                
     1             640451       0.133135            374          10
     2             640449      0.0343705           39.9          11
     3             640448     0.00876603           16.9           8
     4             640448     0.00469488           2.83          11
     5             640448    0.000598315          0.465          11

Local minimum possible.

fminunc stopped because the final change in function value relative to 
its initial value is less than the selected value of the function tolerance.




                                Norm of      First-order 
 Iteration        f(x)          step          optimality   CG-iterations
     0            63837.6                      1.54e+04                
     1            63682.6      0.0198921       4.38e+03           3
     2            63668.1     0.00634608       1.46e+03           3
     3            63665.2     0.00317041       1.12e+03           3
     4            63663.8     0.00192241       4.13e+03           3
     5            63663.1      0.0011577       1.37e+03           3
     6            63662.8    0.000726079        3.3e+03           3
     7            63662.6    0.000461174            851           3
     8            63662.4    0.000480348       2.18e+03           3
     9            63662.3    0.000262185            535           3
    10            63662.3    0.000319251       1.43e+03           3
    11            63662.2    0.000153228            341           3
    12            63662.2    0.000212054            929           3
    13            63662.2    9.33907e-05            220           3
    14            63662.2    0.000141216            591           3
    15            63662.2    5.93814e-05            144           3
    16            63662.2    9.54467e-05            361           3
    17            63662.2    3.91228e-05           94.3           3
    18            63662.2    7.09293e-05            192           3
    19            63662.2    2.67353e-05           60.7           3
    20            63662.2    0.000110587           54.5           3
    21            63662.2    9.70073e-06           11.2           1

Local minimum possible.

fminunc stopped because the final change in function value relative to 
its initial value is less than the selected value of the function tolerance.



Likelihood value = -704143.3214
Pr(type==1) is 0.51205
Iteration is 3
EM criterion is 0.32943

                                Norm of      First-order 
 Iteration        f(x)          step          optimality   CG-iterations
     0             640460                           406                
     1             640456       0.029513           70.5          10
     2             640456     0.00768509           21.9          11
     3             640456     0.00217064           3.06          11
     4             640456    0.000646954          0.892          11

Local minimum possible.

fminunc stopped because the final change in function value relative to 
its initial value is less than the selected value of the function tolerance.




                                Norm of      First-order 
 Iteration        f(x)          step          optimality   CG-iterations
     0            63685.9                      3.57e+03                
     1            63677.7      0.0045869       1.55e+03           3
     2              63677     0.00134381            311           3
     3            63676.9    0.000730888            406           3
     4            63676.8     0.00044505            275           3
     5            63676.8    0.000342061            218           3
     6            63676.8    0.000238761           79.2           3
     7            63676.7     0.00016702             70           3
     8            63676.7    0.000108418           62.2           3
     9            63676.7    6.62763e-05             55           3
    10            63676.7    3.43759e-05           78.9           3
    11            63676.7    2.16664e-05             39           3

Local minimum possible.

fminunc stopped because the final change in function value relative to 
its initial value is less than the selected value of the function tolerance.



Likelihood value = -704134.1805
Pr(type==1) is 0.512
Iteration is 4
EM criterion is 0.15598

                                Norm of      First-order 
 Iteration        f(x)          step          optimality   CG-iterations
     0             640456                          91.3                
     1             640456     0.00660213           15.4          10
     2             640456     0.00185978           3.55          11

Local minimum possible.

fminunc stopped because the final change in function value relative to 
its initial value is less than the selected value of the function tolerance.




                                Norm of      First-order 
 Iteration        f(x)          step          optimality   CG-iterations
     0              63678                           830                
     1            63677.6     0.00106366            203           3
     2            63677.5     0.00032738           78.5           3
     3            63677.5    0.000187699           88.2           3
     4            63677.5    0.000115851           38.8           3
     5            63677.5    8.57839e-05           36.3           3
     6            63677.5    5.41109e-05           44.3           3
     7            63677.5    3.83711e-05           30.8           3

Local minimum possible.

fminunc stopped because the final change in function value relative to 
its initial value is less than the selected value of the function tolerance.



Likelihood value = -704133.6601
Pr(type==1) is 0.51199
Iteration is 5
EM criterion is 0.038203

                                Norm of      First-order 
 Iteration        f(x)          step          optimality   CG-iterations
     0             640456                          22.1                
     1             640456      0.0014852           2.92          10
     2             640456    0.000692349          0.886          11

Local minimum possible.

fminunc stopped because the final change in function value relative to 
its initial value is less than the selected value of the function tolerance.




                                Norm of      First-order 
 Iteration        f(x)          step          optimality   CG-iterations
     0            63677.6                           185                
     1            63677.6    0.000245073           62.7           3
     2            63677.6    8.67713e-05           54.7           3
     3            63677.6    4.33147e-05           79.8           3
     4            63677.6    2.16156e-05           49.8           3

Local minimum possible.

fminunc stopped because the final change in function value relative to 
its initial value is less than the selected value of the function tolerance.



Likelihood value = -704133.6032
Pr(type==1) is 0.51199
Iteration is 6
EM criterion is 0.0088033

                                Norm of      First-order 
 Iteration        f(x)          step          optimality   CG-iterations
     0             640456                          5.21                
     1             640456    0.000336774          0.606          10

Local minimum possible.

fminunc stopped because the final change in function value relative to 
its initial value is less than the selected value of the function tolerance.




                                Norm of      First-order 
 Iteration        f(x)          step          optimality   CG-iterations
     0            63677.6                          49.8                
     1            63677.6    6.59946e-05           25.8           3
     2            63677.6     3.5393e-05           43.8           3

Local minimum possible.

fminunc stopped because the final change in function value relative to 
its initial value is less than the selected value of the function tolerance.



Likelihood value = -704133.5931
Pr(type==1) is 0.51198
Iteration is 7
EM criterion is 0.0019915

                                Norm of      First-order 
 Iteration        f(x)          step          optimality   CG-iterations
     0             640456                          1.07                
     1             640456      0.0001503          0.344          11

Local minimum possible.

fminunc stopped because the final change in function value relative to 
its initial value is less than the selected value of the function tolerance.




                                Norm of      First-order 
 Iteration        f(x)          step          optimality   CG-iterations
     0            63677.6                          43.8                
     1            63677.6    2.61492e-05             31           3

Local minimum possible.

fminunc stopped because the final change in function value relative to 
its initial value is less than the selected value of the function tolerance.



Likelihood value = -704133.5907
Pr(type==1) is 0.51198
Iteration is 8
EM criterion is 0.00043615

                                Norm of      First-order 
 Iteration        f(x)          step          optimality   CG-iterations
     0             640456                         0.344                
     1             640456    7.08741e-05          0.178          11

Local minimum possible.

fminunc stopped because the final change in function value relative to 
its initial value is less than the selected value of the function tolerance.




                                Norm of      First-order 
 Iteration        f(x)          step          optimality   CG-iterations
     0            63677.6                            31                
     1            63677.6    1.69017e-05           32.7           3

Local minimum possible.

fminunc stopped because the final change in function value relative to 
its initial value is less than the selected value of the function tolerance.



Likelihood value = -704133.59
Pr(type==1) is 0.51198
Iteration is 9
EM criterion is 0.00016035

                                Norm of      First-order 
 Iteration        f(x)          step          optimality   CG-iterations
     0             640456                         0.178                
     1             640456    1.21477e-05         0.0344          11

Local minimum possible.

fminunc stopped because the final change in function value relative to 
its initial value is less than the selected value of the function tolerance.




                                Norm of      First-order 
 Iteration        f(x)          step          optimality   CG-iterations
     0            63677.6                          32.7                
     1            63677.6    1.01806e-05           17.9           3

Local minimum possible.

fminunc stopped because the final change in function value relative to 
its initial value is less than the selected value of the function tolerance.



Likelihood value = -704133.5896
Pr(type==1) is 0.51198
Iteration is 10
EM criterion is 5.5695e-05

                                Norm of      First-order 
 Iteration        f(x)          step          optimality   CG-iterations
     0             640456                        0.0344                
     1             640456    7.88618e-06         0.0365          11

Local minimum possible.

fminunc stopped because the final change in function value relative to 
its initial value is less than the selected value of the function tolerance.




                                Norm of      First-order 
 Iteration        f(x)          step          optimality   CG-iterations
     0            63677.6                          17.9                
     1            63677.6    9.02537e-06           18.9           3

Local minimum possible.

fminunc stopped because the final change in function value relative to 
its initial value is less than the selected value of the function tolerance.



Likelihood value = -704133.5895
Pr(type==1) is 0.51198
Iteration is 11
EM criterion is 9.3692e-06

                                Norm of      First-order 
 Iteration        f(x)          step          optimality   CG-iterations
     0             640456                        0.0365                
     1             640456    1.37113e-06        0.00543          11

Local minimum possible.

fminunc stopped because the final change in function value relative to 
its initial value is less than the selected value of the function tolerance.




ans =

   -0.8451   -0.9000
   -0.0001         0
    1.0186    1.0000
   -0.4012   -0.4000
    0.0000    0.1000
   -1.8998   -2.2500
    0.0525    0.0500
    1.1960    1.2000
   -0.3043   -0.3000
    0.0000    0.5000
   -1.3434   -1.5000
    0.1493    0.1500
    0.0782    0.1000
   -0.2037   -0.2000
    0.0000    0.2000
    0.3278   -0.1000
   -0.0501   -0.0500
    0.1939    0.2000
   -0.1001   -0.1000
    0.0000    0.6000
    0.2002    0.2000
    0.4994    0.5000
    0.7941    0.8000


ans =

   -0.8451    0.0155
   -0.0001    0.0017
    1.0186    0.0179
   -0.4012    0.0027
    0.0000    0.0102
   -1.8998    0.0194
    0.0525    0.0021
    1.1960    0.0215
   -0.3043    0.0032
    0.0000    0.0122
   -1.3434    0.0150
    0.1493    0.0016
    0.0782    0.0164
   -0.2037    0.0024
    0.0000    0.0094
    0.3278    0.0111
   -0.0501    0.0012
    0.1939    0.0126
   -0.1001    0.0019
    0.0000    0.0073
    0.2002    0.0018
    0.4994    0.0018
    0.7941    0.0061


                                Norm of      First-order 
 Iteration        f(x)          step          optimality   CG-iterations
     0            63677.6                          18.9                
     1            63677.6    1.93921e-05           7.93           3

Local minimum possible.

fminunc stopped because the final change in function value relative to 
its initial value is less than the selected value of the function tolerance.




ans =

   -0.2624   -0.1500
    0.1001    0.1000
    0.5030    0.5000
    0.1000    0.1000
   -0.0000   -0.1500
    0.3072    0.3000


ans =

   -0.2624    0.0018
    0.1001    0.0002
    0.5030    0.0021
    0.1000    0.0003
   -0.0000    0.0012
    0.3072    0.0004


ans =

    0.5120    0.3000    0.6991

