/econ/home/t/tmr17/EMalgorithmExample/mlogitAndNormalCensored
Mon Feb 27 11:12:53 EST 2017

                            < M A T L A B (R) >
                  Copyright 1984-2014 The MathWorks, Inc.
                   R2014b (8.4.0.150421) 64-bit (glnxa64)
                             September 15, 2014

 
For online documentation, see http://www.mathworks.com/support
For product information, visit www.mathworks.com.
 
  Value    Count   Percent
      1    56483     11.30%
      2    34411      6.88%
      3    69414     13.88%
      4    162932     32.59%
      5    176760     35.35%

ans =

    23     1

Time spent on simulation: 3.0927

                                Norm of      First-order 
 Iteration        f(x)          step          optimality   CG-iterations
     0        2.18723e+06                      1.67e+06                
     1        2.18723e+06             10       1.67e+06          11
     2             843087            2.5       3.84e+05           0
     3             843087        2.38849       3.84e+05           5
     4             699419       0.597124       1.23e+05           0
     5             644359        1.09655       5.23e+04           5
     6             638339        1.61131       7.68e+03          11
     7             637472       0.858118       3.17e+03          11
     8             637318       0.218261            651          11
     9             637288       0.149583            592          11
    10             637281      0.0458895            143          11
    11             637280       0.031986            133          11
    12             637280     0.00954188           28.2          11
    13             637280     0.00676198           28.5          11
    14             637280     0.00195865           6.33          11
    15             637280     0.00139746           5.87          11

Local minimum possible.

fminunc stopped because the final change in function value relative to 
its initial value is less than the selected value of the function tolerance.




ans =

   -0.9131   -0.9000
   -0.0003         0
    1.0203    1.0000
   -0.4019   -0.4000
    0.1031    0.1000
   -2.2288   -2.2500
    0.0520    0.0500
    1.1991    1.2000
   -0.3051   -0.3000
    0.4752    0.5000
   -1.4631   -1.5000
    0.1491    0.1500
    0.0794    0.1000
   -0.2042   -0.2000
    0.1798    0.2000
   -0.0935   -0.1000
   -0.0509   -0.0500
    0.1962    0.2000
   -0.1010   -0.1000
    0.6034    0.6000
    0.2014    0.2000
    0.5021    0.5000
    0.7988    0.8000


ans =

   -0.9131    0.0163
   -0.0003    0.0017
    1.0203    0.0179
   -0.4019    0.0027
    0.1031    0.0109
   -2.2288    0.0209
    0.0520    0.0021
    1.1991    0.0215
   -0.3051    0.0032
    0.4752    0.0137
   -1.4631    0.0158
    0.1491    0.0016
    0.0794    0.0164
   -0.2042    0.0024
    0.1798    0.0101
   -0.0935    0.0120
   -0.0509    0.0012
    0.1962    0.0127
   -0.1010    0.0019
    0.6034    0.0081
    0.2014    0.0018
    0.5021    0.0018
    0.7988    0.0061


                                Norm of      First-order 
 Iteration        f(x)          step          optimality   CG-iterations
     0        6.86729e+06                      1.49e+07                
     1        6.86729e+06             10       1.49e+07           2
     2        6.86729e+06            2.5       1.49e+07           0
     3        2.07696e+06          0.625       5.94e+06           0
     4        2.07696e+06           1.25       5.94e+06           2
     5             820113         0.3125       3.12e+06           0
     6             329962          0.625       2.99e+06           2
     7             329962          0.625       2.99e+06           2
     8             161205        0.15625       4.68e+05           0
     9             105848         0.3125       5.64e+05           3
    10             105848       0.583528       5.64e+05           3
    11            85222.9       0.145882       1.43e+05           0
    12            62608.6       0.291764       1.33e+05           3
    13            58797.2        0.08013       1.35e+05           3
    14            58055.1      0.0216845        3.5e+04           3
    15            57578.8      0.0542353       2.22e+04           3
    16            57539.8     0.00472402       1.08e+04           3
    17            57515.2     0.00681056        1.4e+04           3
    18            57498.9      0.0031404       7.25e+03           3
    19            57488.2     0.00488464       8.48e+03           3
    20            57480.9     0.00212144       5.04e+03           3
    21            57476.3     0.00337463       4.71e+03           3
    22            57473.1     0.00146129       3.62e+03           3
    23            57471.2     0.00228077       2.79e+03           3
    24            57469.9    0.000996051       2.57e+03           3
    25            57469.2     0.00142207       1.73e+03           3
    26            57468.7    0.000651207       1.72e+03           3
    27            57468.5    0.000720931            917           3
    28            57468.3    0.000409825        1.1e+03           3
    29            57468.2    0.000307809            427           3
    30            57468.2    0.000255733            687           3
    31            57468.2    0.000143697            201           3
    32            57468.2    0.000159405            429           3
    33            57468.2    7.92381e-05            128           3
    34            57468.2    9.95345e-05            269           3
    35            57468.2    4.83078e-05           86.1           3
    36            57468.2    6.25559e-05            170           3
    37            57468.2    3.11355e-05           58.8           3
    38            57468.1     3.9699e-05            109           3
    39            57468.1    2.07776e-05           40.6           3
    40            57468.1    2.54715e-05           70.5           3

Local minimum possible.

fminunc stopped because the final change in function value relative to 
its initial value is less than the selected value of the function tolerance.




ans =

   -0.1517   -0.1500
    0.0998    0.1000
    0.5028    0.5000
    0.1002    0.1000
   -0.1492   -0.1500
    0.3001    0.3000


ans =

   -0.1517    0.0019
    0.0998    0.0002
    0.5028    0.0020
    0.1002    0.0003
   -0.1492    0.0013
    0.3001    0.0004

